2013-03-21 14:07:29,328 [Worker-4] INFO  o.e.m.c.i.i.nexus.NexusIndexManager - Updating index for repository: central|http://repo.maven.apache.org/maven2
2013-03-21 14:07:29,514 [Worker-4] INFO  c.n.h.c.p.n.NettyAsyncHttpProvider - Number of application's worked threads is 2
2013-03-21 14:07:54,271 [main] INFO  o.e.m2e.actions.ExecutePomAction - Creating new launch configuration
2013-03-21 14:08:04,176 [Worker-3] INFO  o.e.m.i.launch.MavenLaunchDelegate - /home/neopragma/projects/command-line-app
2013-03-21 14:08:04,177 [Worker-3] INFO  o.e.m.i.launch.MavenLaunchDelegate -  mvn  -B test
2013-03-21 14:12:30,991 [main] INFO  o.e.m2e.actions.ExecutePomAction - Creating new launch configuration
2013-03-21 14:12:33,997 [Worker-4] INFO  o.e.m.c.i.i.nexus.NexusIndexManager - Updated index for repository: central|http://repo.maven.apache.org/maven2 in 304679 ms
2013-03-21 14:12:41,644 [Worker-1] INFO  o.e.m.i.launch.MavenLaunchDelegate - /home/neopragma/projects/command-line-app
2013-03-21 14:12:41,644 [Worker-1] INFO  o.e.m.i.launch.MavenLaunchDelegate -  mvn  -B jar:jar
2013-03-21 14:16:09,283 [main] INFO  o.e.m2e.actions.ExecutePomAction - Creating new launch configuration
2013-03-21 14:16:13,315 [Worker-8] INFO  o.e.m.i.launch.MavenLaunchDelegate - /home/neopragma/projects/command-line-app
2013-03-21 14:16:13,315 [Worker-8] INFO  o.e.m.i.launch.MavenLaunchDelegate -  mvn  -B jar:jar
2013-03-21 14:17:39,491 [main] INFO  o.e.m2e.actions.ExecutePomAction - Creating new launch configuration
2013-03-21 14:17:45,808 [Worker-9] INFO  o.e.m.i.launch.MavenLaunchDelegate - /home/neopragma/projects/command-line-app
2013-03-21 14:17:45,809 [Worker-9] INFO  o.e.m.i.launch.MavenLaunchDelegate -  mvn  -B jar:jar
2013-03-21 14:24:31,328 [Worker-2] ERROR o.e.m.c.i.p.r.ProjectRegistryManager - Failed to read Maven project: 1 problem was encountered while building the effective model
[FATAL] Non-readable POM /home/neopragma/projects/command-line-app/pom.xml: input contained no data @ 
 for project  at /home/neopragma/projects/command-line-app/pom.xml
org.apache.maven.project.ProjectBuildingException: 1 problem was encountered while building the effective model
[FATAL] Non-readable POM /home/neopragma/projects/command-line-app/pom.xml: input contained no data @ 
 for project  at /home/neopragma/projects/command-line-app/pom.xml
	at org.apache.maven.project.DefaultProjectBuilder.build(DefaultProjectBuilder.java:149) ~[maven-core-3.0.4.jar:3.0.4]
	at org.apache.maven.project.DefaultProjectBuilder.build(DefaultProjectBuilder.java:102) ~[maven-core-3.0.4.jar:3.0.4]
	at org.eclipse.m2e.core.internal.embedder.MavenImpl.readProject(MavenImpl.java:588) ~[org.eclipse.m2e.core_1.3.1.20130219-1424.jar:na]
	at org.eclipse.m2e.core.internal.project.registry.ProjectRegistryManager.readProjectWithDependencies(ProjectRegistryManager.java:754) ~[org.eclipse.m2e.core_1.3.1.20130219-1424.jar:na]
	at org.eclipse.m2e.core.internal.project.registry.ProjectRegistryManager.create(ProjectRegistryManager.java:169) ~[org.eclipse.m2e.core_1.3.1.20130219-1424.jar:na]
	at org.eclipse.m2e.core.internal.project.registry.MavenProjectManager.create(MavenProjectManager.java:70) [org.eclipse.m2e.core_1.3.1.20130219-1424.jar:na]
	at org.eclipse.m2e.core.ui.internal.actions.SelectionUtil.getMavenProject(SelectionUtil.java:277) [org.eclipse.m2e.core.ui_1.3.1.20130219-1424.jar:na]
	at org.eclipse.m2e.editor.pom.MavenPomEditor.readMavenProject(MavenPomEditor.java:754) [org.eclipse.m2e.editor_1.3.1.20130219-1424.jar:na]
	at org.eclipse.m2e.editor.pom.MavenPomEditor$6.run(MavenPomEditor.java:1077) [org.eclipse.m2e.editor_1.3.1.20130219-1424.jar:na]
	at org.eclipse.core.internal.jobs.Worker.run(Worker.java:53) [org.eclipse.core.jobs_3.5.300.v20120912-155018.jar:na]
Caused by: org.apache.maven.model.building.ModelBuildingException: 1 problem was encountered while building the effective model
[FATAL] Non-readable POM /home/neopragma/projects/command-line-app/pom.xml: input contained no data @ 

	at org.apache.maven.model.building.DefaultModelProblemCollector.newModelBuildingException(DefaultModelProblemCollector.java:195) ~[maven-model-builder-3.0.4.jar:3.0.4]
	at org.apache.maven.model.building.DefaultModelBuilder.readModel(DefaultModelBuilder.java:517) ~[maven-model-builder-3.0.4.jar:3.0.4]
	at org.apache.maven.model.building.DefaultModelBuilder.build(DefaultModelBuilder.java:261) ~[maven-model-builder-3.0.4.jar:3.0.4]
	at org.apache.maven.model.building.DefaultModelBuilder.build(DefaultModelBuilder.java:232) ~[maven-model-builder-3.0.4.jar:3.0.4]
	at org.apache.maven.project.DefaultProjectBuilder.build(DefaultProjectBuilder.java:142) ~[maven-core-3.0.4.jar:3.0.4]
	... 9 common frames omitted
2013-03-21 14:24:32,098 [Worker-5] INFO  o.e.m.c.i.i.nexus.NexusIndexManager - Updating index for repository: central|http://repo.maven.apache.org/maven2
2013-03-21 14:24:32,375 [Worker-5] INFO  c.n.h.c.p.n.NettyAsyncHttpProvider - Number of application's worked threads is 2
2013-03-21 14:24:45,531 [Worker-5] INFO  o.e.m.c.i.i.nexus.NexusIndexManager - Updated index for repository: central|http://repo.maven.apache.org/maven2 in 13433 ms
2013-03-21 14:25:47,967 [Worker-2] WARN  o.e.m.c.i.embedder.EclipseLogger - The artifact org.apache.commons:commons-io:jar:1.3.2 has been relocated to commons-io:commons-io:jar:1.3.2
2013-03-21 14:26:09,409 [main] INFO  o.e.m2e.actions.ExecutePomAction - Creating new launch configuration
2013-03-21 14:26:13,288 [Worker-3] INFO  o.e.m.i.launch.MavenLaunchDelegate - /home/neopragma/projects/command-line-app
2013-03-21 14:26:13,288 [Worker-3] INFO  o.e.m.i.launch.MavenLaunchDelegate -  mvn  -B jar:jar
2013-03-21 14:27:43,934 [Worker-3] WARN  o.e.m.c.i.embedder.EclipseLogger - The artifact org.apache.commons:commons-io:jar:1.3.2 has been relocated to commons-io:commons-io:jar:1.3.2
2013-03-21 14:27:51,566 [main] INFO  o.e.m2e.actions.ExecutePomAction - Creating new launch configuration
2013-03-21 14:27:53,902 [Worker-0] INFO  o.e.m.i.launch.MavenLaunchDelegate - /home/neopragma/projects/command-line-app
2013-03-21 14:27:53,902 [Worker-0] INFO  o.e.m.i.launch.MavenLaunchDelegate -  mvn  -B jar:jar
2013-03-21 14:31:03,957 [Worker-5] WARN  o.e.m.c.i.embedder.EclipseLogger - The artifact org.apache.commons:commons-io:jar:1.3.2 has been relocated to commons-io:commons-io:jar:1.3.2
2013-03-21 14:31:09,772 [Worker-8] INFO  o.e.m.i.launch.MavenLaunchDelegate - /home/neopragma/projects/command-line-app
2013-03-21 14:31:09,772 [Worker-8] INFO  o.e.m.i.launch.MavenLaunchDelegate -  mvn  -B clean
2013-03-21 14:31:20,312 [main] INFO  o.e.m2e.actions.ExecutePomAction - Creating new launch configuration
2013-03-21 14:31:23,187 [Worker-9] INFO  o.e.m.i.launch.MavenLaunchDelegate - /home/neopragma/projects/command-line-app
2013-03-21 14:31:23,188 [Worker-9] INFO  o.e.m.i.launch.MavenLaunchDelegate -  mvn  -B jar:jar
2013-03-21 14:37:40,525 [Worker-9] WARN  o.e.m.c.i.embedder.EclipseLogger - The artifact org.apache.commons:commons-io:jar:1.3.2 has been relocated to commons-io:commons-io:jar:1.3.2
2013-03-21 14:37:45,217 [main] INFO  o.e.m2e.actions.ExecutePomAction - Creating new launch configuration
2013-03-21 14:37:47,804 [Worker-6] INFO  o.e.m.i.launch.MavenLaunchDelegate - /home/neopragma/projects/command-line-app
2013-03-21 14:37:47,804 [Worker-6] INFO  o.e.m.i.launch.MavenLaunchDelegate -  mvn  -B jar:jar
2013-03-21 14:39:42,652 [Worker-6] WARN  o.e.m.c.i.embedder.EclipseLogger - The artifact org.apache.commons:commons-io:jar:1.3.2 has been relocated to commons-io:commons-io:jar:1.3.2
2013-03-21 14:53:47,431 [Worker-6] WARN  o.e.m.c.i.embedder.EclipseLogger - The artifact org.apache.commons:commons-io:jar:1.3.2 has been relocated to commons-io:commons-io:jar:1.3.2
2013-03-21 14:53:52,455 [main] INFO  o.e.m2e.actions.ExecutePomAction - Creating new launch configuration
2013-03-21 14:53:58,160 [Worker-6] INFO  o.e.m.i.launch.MavenLaunchDelegate - /home/neopragma/projects/command-line-app
2013-03-21 14:53:58,205 [Worker-6] INFO  o.e.m.i.launch.MavenLaunchDelegate -  mvn  -B jar:jar
2013-03-21 14:55:09,609 [Worker-15] WARN  o.e.m.c.i.embedder.EclipseLogger - The artifact org.apache.commons:commons-io:jar:1.3.2 has been relocated to commons-io:commons-io:jar:1.3.2
2013-03-21 14:55:09,647 [Worker-15] INFO  c.n.h.c.p.n.NettyAsyncHttpProvider - Number of application's worked threads is 2
2013-03-21 14:55:09,888 [New I/O client worker #2-1] INFO  o.e.m.c.i.e.AbstractTransferListenerAdapter - Downloading http://repo.maven.apache.org/maven2/org/apache/maven/maven-artifact/2.0.9/maven-artifact-2.0.9.jar
2013-03-21 14:55:09,933 [New I/O client worker #2-2] INFO  o.e.m.c.i.e.AbstractTransferListenerAdapter - Downloading http://repo.maven.apache.org/maven2/org/apache/maven/maven-project/2.0.9/maven-project-2.0.9.jar
2013-03-21 14:55:10,092 [New I/O client worker #2-1] INFO  o.e.m.c.i.e.AbstractTransferListenerAdapter - Downloading http://repo.maven.apache.org/maven2/org/apache/maven/maven-plugin-registry/2.0.9/maven-plugin-registry-2.0.9.jar
2013-03-21 14:55:10,231 [New I/O client worker #2-1] INFO  o.e.m.c.i.e.AbstractTransferListenerAdapter - Downloading http://repo.maven.apache.org/maven2/org/apache/maven/maven-settings/2.0.9/maven-settings-2.0.9.jar
2013-03-21 14:55:10,418 [New I/O client worker #2-1] INFO  o.e.m.c.i.e.AbstractTransferListenerAdapter - Downloading http://repo.maven.apache.org/maven2/org/codehaus/plexus/plexus-archiver/2.0/plexus-archiver-2.0.jar
2013-03-21 14:55:10,579 [New I/O client worker #2-2] INFO  o.e.m.c.i.e.AbstractTransferListenerAdapter - Downloading http://repo.maven.apache.org/maven2/org/apache/maven/maven-model/2.0.9/maven-model-2.0.9.jar
2013-03-21 14:55:10,689 [New I/O client worker #2-2] INFO  o.e.m.c.i.e.AbstractTransferListenerAdapter - Downloading http://repo.maven.apache.org/maven2/commons-lang/commons-lang/2.6/commons-lang-2.6.jar
2013-03-21 14:55:10,950 [New I/O client worker #2-2] INFO  o.e.m.c.i.e.AbstractTransferListenerAdapter - Downloading http://repo.maven.apache.org/maven2/org/apache/maven/maven-profile/2.0.9/maven-profile-2.0.9.jar
2013-03-21 14:55:14,004 [New I/O client worker #2-1] INFO  o.e.m.c.i.e.AbstractTransferListenerAdapter - Downloaded http://repo.maven.apache.org/maven2/org/apache/maven/maven-settings/2.0.9/maven-settings-2.0.9.jar
2013-03-21 14:55:14,925 [Worker-17] INFO  o.e.m.i.launch.MavenLaunchDelegate - /home/neopragma/projects/command-line-app
2013-03-21 14:55:14,926 [Worker-17] INFO  o.e.m.i.launch.MavenLaunchDelegate -  mvn  -B clean
2013-03-21 14:55:16,004 [New I/O client worker #2-1] INFO  o.e.m.c.i.e.AbstractTransferListenerAdapter - Downloaded http://repo.maven.apache.org/maven2/org/apache/maven/maven-plugin-registry/2.0.9/maven-plugin-registry-2.0.9.jar
2013-03-21 14:55:16,106 [New I/O client worker #2-2] INFO  o.e.m.c.i.e.AbstractTransferListenerAdapter - Downloaded http://repo.maven.apache.org/maven2/org/apache/maven/maven-profile/2.0.9/maven-profile-2.0.9.jar
2013-03-21 14:55:17,020 [New I/O client worker #2-2] INFO  o.e.m.c.i.e.AbstractTransferListenerAdapter - Downloaded http://repo.maven.apache.org/maven2/org/apache/maven/maven-model/2.0.9/maven-model-2.0.9.jar
2013-03-21 14:55:17,242 [New I/O client worker #2-1] INFO  o.e.m.c.i.e.AbstractTransferListenerAdapter - Downloaded http://repo.maven.apache.org/maven2/org/apache/maven/maven-artifact/2.0.9/maven-artifact-2.0.9.jar
2013-03-21 16:16:56,835 [New I/O client worker #2-2] INFO  o.e.m.c.i.e.AbstractTransferListenerAdapter - Downloaded http://repo.maven.apache.org/maven2/org/apache/maven/maven-project/2.0.9/maven-project-2.0.9.jar
2013-03-21 16:17:00,401 [New I/O client worker #2-1] INFO  o.e.m.c.i.e.AbstractTransferListenerAdapter - Downloaded http://repo.maven.apache.org/maven2/org/codehaus/plexus/plexus-archiver/2.0/plexus-archiver-2.0.jar
2013-03-21 16:17:03,441 [New I/O client worker #2-2] INFO  o.e.m.c.i.e.AbstractTransferListenerAdapter - Downloaded http://repo.maven.apache.org/maven2/commons-lang/commons-lang/2.6/commons-lang-2.6.jar
2013-03-21 16:28:08,944 [main] INFO  o.e.m2e.actions.ExecutePomAction - Creating new launch configuration
2013-03-21 16:28:17,272 [Worker-18] INFO  o.e.m.i.launch.MavenLaunchDelegate - /home/neopragma/projects/command-line-app
2013-03-21 16:28:17,272 [Worker-18] INFO  o.e.m.i.launch.MavenLaunchDelegate -  mvn  -B jar:jar
2013-03-21 16:28:51,643 [Worker-21] WARN  o.e.m.c.i.embedder.EclipseLogger - The artifact org.apache.commons:commons-io:jar:1.3.2 has been relocated to commons-io:commons-io:jar:1.3.2
2013-03-23 10:15:38,714 [Worker-3] INFO  o.e.m.c.i.i.nexus.NexusIndexManager - Updating index for repository: central|http://repo.maven.apache.org/maven2
2013-03-23 10:15:38,920 [Worker-3] INFO  c.n.h.c.p.n.NettyAsyncHttpProvider - Number of application's worked threads is 2
2013-03-23 10:17:56,931 [Worker-1] WARN  o.e.m.c.i.embedder.EclipseLogger - The artifact org.apache.commons:commons-io:jar:1.3.2 has been relocated to commons-io:commons-io:jar:1.3.2
2013-03-23 10:20:12,690 [Worker-3] INFO  o.e.m.c.i.i.nexus.NexusIndexManager - Updated index for repository: central|http://repo.maven.apache.org/maven2 in 273952 ms
2013-03-23 10:21:09,884 [Worker-3] WARN  o.e.m.c.i.embedder.EclipseLogger - The artifact org.apache.commons:commons-io:jar:1.3.2 has been relocated to commons-io:commons-io:jar:1.3.2
